# JRE version: OpenJDK Runtime Environment Corretto-20.0.2.10.1 (20.0.2.1+10) (build 20.0.2.1+10-FR)
# Java VM: OpenJDK 64-Bit Server VM Corretto-20.0.2.10.1 (20.0.2.1+10-FR, mixed mode, sharing, tiered, compressed oops, compressed class ptrs, g1 gc, windows-amd64)
GC Precious Log:
 CardTable entry size: 512
 Card Set container configuration: InlinePtr #cards 5 size 8 Array Of Cards #cards 12 size 40 Howl #buckets 4 coarsen threshold 1843 Howl Bitmap #cards 512 size 80 coarsen threshold 460 Card regions per heap region 1 cards per card region 2048
 CPUs: 8 total, 8 available
 Memory: 7941M
 Large Page Support: Disabled
 NUMA Support: Disabled
 Compressed Oops: Enabled (32-bit)
 Heap Region Size: 1M
 Heap Min Capacity: 256M
 Heap Initial Capacity: 256M
 Heap Max Capacity: 512M
 Pre-touch: Disabled
 Parallel Workers: 8
 Concurrent Workers: 2
 Concurrent Refinement Workers: 8
 Periodic GC: Disabled
Heap:
 garbage-first heap   total 262144K, used 85825K [0x00000000e0000000, 0x0000000100000000)
  region size 1024K, 56 young (57344K), 14 survivors (14336K)
 Metaspace       used 61093K, committed 62976K, reserved 380928K
  class space    used 8677K, committed 9600K, reserved 315392K
GC Heap History (12 events):
Event: 10.222 GC heap before
{Heap before GC invocations=0 (full 0):
 garbage-first heap   total 262144K, used 26624K [0x00000000e0000000, 0x0000000100000000)
  region size 1024K, 23 young (23552K), 0 survivors (0K)
 Metaspace       used 3133K, committed 3264K, reserved 380928K
  class space    used 397K, committed 448K, reserved 315392K
}
Event: 10.290 GC heap after
{Heap after GC invocations=1 (full 0):
 garbage-first heap   total 262144K, used 10592K [0x00000000e0000000, 0x0000000100000000)
  region size 1024K, 3 young (3072K), 3 survivors (3072K)
 Metaspace       used 3133K, committed 3264K, reserved 380928K
  class space    used 397K, committed 448K, reserved 315392K
}
Event: 13.088 GC heap before
{Heap before GC invocations=1 (full 0):
 garbage-first heap   total 262144K, used 40288K [0x00000000e0000000, 0x0000000100000000)
  region size 1024K, 32 young (32768K), 3 survivors (3072K)
 Metaspace       used 4092K, committed 4288K, reserved 380928K
  class space    used 492K, committed 576K, reserved 315392K
}
Event: 13.093 GC heap after
{Heap after GC invocations=2 (full 0):
 garbage-first heap   total 262144K, used 13565K [0x00000000e0000000, 0x0000000100000000)
  region size 1024K, 4 young (4096K), 4 survivors (4096K)
 Metaspace       used 4092K, committed 4288K, reserved 380928K
  class space    used 492K, committed 576K, reserved 315392K
}
Event: 26.298 GC heap before
{Heap before GC invocations=2 (full 0):
 garbage-first heap   total 262144K, used 113917K [0x00000000e0000000, 0x0000000100000000)
  region size 1024K, 103 young (105472K), 4 survivors (4096K)
 Metaspace       used 20819K, committed 21504K, reserved 380928K
  class space    used 3021K, committed 3392K, reserved 315392K
}
Event: 26.345 GC heap after
{Heap after GC invocations=3 (full 0):
 garbage-first heap   total 262144K, used 22684K [0x00000000e0000000, 0x0000000100000000)
  region size 1024K, 12 young (12288K), 12 survivors (12288K)
 Metaspace       used 20819K, committed 21504K, reserved 380928K
  class space    used 3021K, committed 3392K, reserved 315392K
}
Event: 37.138 GC heap before
{Heap before GC invocations=4 (full 0):
 garbage-first heap   total 262144K, used 129180K [0x00000000e0000000, 0x0000000100000000)
  region size 1024K, 118 young (120832K), 12 survivors (12288K)
 Metaspace       used 34907K, committed 36096K, reserved 380928K
  class space    used 4938K, committed 5504K, reserved 315392K
}
Event: 37.331 GC heap after
{Heap after GC invocations=5 (full 0):
 garbage-first heap   total 262144K, used 31705K [0x00000000e0000000, 0x0000000100000000)
  region size 1024K, 9 young (9216K), 9 survivors (9216K)
 Metaspace       used 34907K, committed 36096K, reserved 380928K
  class space    used 4938K, committed 5504K, reserved 315392K
}
Event: 57.538 GC heap before
{Heap before GC invocations=6 (full 0):
 garbage-first heap   total 262144K, used 134105K [0x00000000e0000000, 0x0000000100000000)
  region size 1024K, 103 young (105472K), 9 survivors (9216K)
 Metaspace       used 45777K, committed 47424K, reserved 380928K
  class space    used 6466K, committed 7296K, reserved 315392K
}
Event: 57.575 GC heap after
{Heap after GC invocations=7 (full 0):
 garbage-first heap   total 262144K, used 36427K [0x00000000e0000000, 0x0000000100000000)
  region size 1024K, 5 young (5120K), 5 survivors (5120K)
 Metaspace       used 45777K, committed 47424K, reserved 380928K
  class space    used 6466K, committed 7296K, reserved 315392K
}
Event: 81.648 GC heap before
{Heap before GC invocations=7 (full 0):
 garbage-first heap   total 262144K, used 167499K [0x00000000e0000000, 0x0000000100000000)
  region size 1024K, 134 young (137216K), 5 survivors (5120K)
 Metaspace       used 58422K, committed 60288K, reserved 380928K
  class space    used 8340K, committed 9280K, reserved 315392K
}
Event: 81.678 GC heap after
{Heap after GC invocations=8 (full 0):
 garbage-first heap   total 262144K, used 44865K [0x00000000e0000000, 0x0000000100000000)
  region size 1024K, 14 young (14336K), 14 survivors (14336K)
 Metaspace       used 58422K, committed 60288K, reserved 380928K
  class space    used 8340K, committed 9280K, reserved 315392K
}

