# JRE version: OpenJDK Runtime Environment Corretto-20.0.2.10.1 (20.0.2.1+10) (build 20.0.2.1+10-FR)
# Java VM: OpenJDK 64-Bit Server VM Corretto-20.0.2.10.1 (20.0.2.1+10-FR, mixed mode, sharing, tiered, compressed oops, compressed class ptrs, g1 gc, windows-amd64)
GC Precious Log:
 CardTable entry size: 512
 Card Set container configuration: InlinePtr #cards 5 size 8 Array Of Cards #cards 12 size 40 Howl #buckets 4 coarsen threshold 1843 Howl Bitmap #cards 512 size 80 coarsen threshold 460 Card regions per heap region 1 cards per card region 2048
 CPUs: 8 total, 8 available
 Memory: 7941M
 Large Page Support: Disabled
 NUMA Support: Disabled
 Compressed Oops: Enabled (32-bit)
 Heap Region Size: 1M
 Heap Min Capacity: 256M
 Heap Initial Capacity: 256M
 Heap Max Capacity: 512M
 Pre-touch: Disabled
 Parallel Workers: 8
 Concurrent Workers: 2
 Concurrent Refinement Workers: 8
 Periodic GC: Disabled
Heap:
 garbage-first heap   total 523264K, used 289897K [0x00000000e0000000, 0x0000000100000000)
  region size 1024K, 33 young (33792K), 7 survivors (7168K)
 Metaspace       used 152014K, committed 154560K, reserved 512000K
  class space    used 18732K, committed 19840K, reserved 315392K
GC Heap History (20 events):
Event: 1808.397 GC heap before
{Heap before GC invocations=75 (full 0):
 garbage-first heap   total 521216K, used 383522K [0x00000000e0000000, 0x0000000100000000)
  region size 1024K, 134 young (137216K), 17 survivors (17408K)
 Metaspace       used 151528K, committed 154560K, reserved 512000K
  class space    used 18681K, committed 19840K, reserved 315392K
}
Event: 1809.407 GC heap after
{Heap after GC invocations=76 (full 0):
 garbage-first heap   total 521216K, used 259830K [0x00000000e0000000, 0x0000000100000000)
  region size 1024K, 3 young (3072K), 3 survivors (3072K)
 Metaspace       used 151528K, committed 154560K, reserved 512000K
  class space    used 18681K, committed 19840K, reserved 315392K
}
Event: 1812.315 GC heap before
{Heap before GC invocations=76 (full 0):
 garbage-first heap   total 521216K, used 281334K [0x00000000e0000000, 0x0000000100000000)
  region size 1024K, 25 young (25600K), 3 survivors (3072K)
 Metaspace       used 151540K, committed 154560K, reserved 512000K
  class space    used 18681K, committed 19840K, reserved 315392K
}
Event: 1812.358 GC heap after
{Heap after GC invocations=77 (full 0):
 garbage-first heap   total 521216K, used 260944K [0x00000000e0000000, 0x0000000100000000)
  region size 1024K, 4 young (4096K), 4 survivors (4096K)
 Metaspace       used 151540K, committed 154560K, reserved 512000K
  class space    used 18681K, committed 19840K, reserved 315392K
}
Event: 1816.504 GC heap before
{Heap before GC invocations=77 (full 0):
 garbage-first heap   total 521216K, used 268112K [0x00000000e0000000, 0x0000000100000000)
  region size 1024K, 25 young (25600K), 4 survivors (4096K)
 Metaspace       used 151478K, committed 154560K, reserved 512000K
  class space    used 18667K, committed 19840K, reserved 315392K
}
Event: 1816.537 GC heap after
{Heap after GC invocations=78 (full 0):
 garbage-first heap   total 523264K, used 250092K [0x00000000e0000000, 0x0000000100000000)
  region size 1024K, 4 young (4096K), 4 survivors (4096K)
 Metaspace       used 151478K, committed 154560K, reserved 512000K
  class space    used 18667K, committed 19840K, reserved 315392K
}
Event: 1817.297 GC heap before
{Heap before GC invocations=78 (full 0):
 garbage-first heap   total 523264K, used 271596K [0x00000000e0000000, 0x0000000100000000)
  region size 1024K, 25 young (25600K), 4 survivors (4096K)
 Metaspace       used 151478K, committed 154560K, reserved 512000K
  class space    used 18667K, committed 19840K, reserved 315392K
}
Event: 1817.315 GC heap after
{Heap after GC invocations=79 (full 0):
 garbage-first heap   total 523264K, used 253482K [0x00000000e0000000, 0x0000000100000000)
  region size 1024K, 3 young (3072K), 3 survivors (3072K)
 Metaspace       used 151478K, committed 154560K, reserved 512000K
  class space    used 18667K, committed 19840K, reserved 315392K
}
Event: 1817.667 GC heap before
{Heap before GC invocations=79 (full 0):
 garbage-first heap   total 523264K, used 276010K [0x00000000e0000000, 0x0000000100000000)
  region size 1024K, 25 young (25600K), 3 survivors (3072K)
 Metaspace       used 151480K, committed 154560K, reserved 512000K
  class space    used 18668K, committed 19840K, reserved 315392K
}
Event: 1817.686 GC heap after
{Heap after GC invocations=80 (full 0):
 garbage-first heap   total 523264K, used 256417K [0x00000000e0000000, 0x0000000100000000)
  region size 1024K, 4 young (4096K), 4 survivors (4096K)
 Metaspace       used 151480K, committed 154560K, reserved 512000K
  class space    used 18668K, committed 19840K, reserved 315392K
}
Event: 1818.167 GC heap before
{Heap before GC invocations=80 (full 0):
 garbage-first heap   total 523264K, used 277921K [0x00000000e0000000, 0x0000000100000000)
  region size 1024K, 25 young (25600K), 4 survivors (4096K)
 Metaspace       used 151480K, committed 154560K, reserved 512000K
  class space    used 18668K, committed 19840K, reserved 315392K
}
Event: 1818.187 GC heap after
{Heap after GC invocations=81 (full 0):
 garbage-first heap   total 523264K, used 258645K [0x00000000e0000000, 0x0000000100000000)
  region size 1024K, 3 young (3072K), 3 survivors (3072K)
 Metaspace       used 151480K, committed 154560K, reserved 512000K
  class space    used 18668K, committed 19840K, reserved 315392K
}
Event: 1819.268 GC heap before
{Heap before GC invocations=82 (full 0):
 garbage-first heap   total 523264K, used 300629K [0x00000000e0000000, 0x0000000100000000)
  region size 1024K, 44 young (45056K), 3 survivors (3072K)
 Metaspace       used 151489K, committed 154560K, reserved 512000K
  class space    used 18668K, committed 19840K, reserved 315392K
}
Event: 1819.290 GC heap after
{Heap after GC invocations=83 (full 0):
 garbage-first heap   total 523264K, used 262266K [0x00000000e0000000, 0x0000000100000000)
  region size 1024K, 6 young (6144K), 6 survivors (6144K)
 Metaspace       used 151489K, committed 154560K, reserved 512000K
  class space    used 18668K, committed 19840K, reserved 315392K
}
Event: 1916.370 GC heap before
{Heap before GC invocations=83 (full 0):
 garbage-first heap   total 523264K, used 402554K [0x00000000e0000000, 0x0000000100000000)
  region size 1024K, 144 young (147456K), 6 survivors (6144K)
 Metaspace       used 151546K, committed 154560K, reserved 512000K
  class space    used 18669K, committed 19840K, reserved 315392K
}
Event: 1916.618 GC heap after
{Heap after GC invocations=84 (full 0):
 garbage-first heap   total 523264K, used 268239K [0x00000000e0000000, 0x0000000100000000)
  region size 1024K, 18 young (18432K), 18 survivors (18432K)
 Metaspace       used 151546K, committed 154560K, reserved 512000K
  class space    used 18669K, committed 19840K, reserved 315392K
}
Event: 1916.923 GC heap before
{Heap before GC invocations=84 (full 0):
 garbage-first heap   total 523264K, used 275407K [0x00000000e0000000, 0x0000000100000000)
  region size 1024K, 25 young (25600K), 18 survivors (18432K)
 Metaspace       used 151548K, committed 154560K, reserved 512000K
  class space    used 18669K, committed 19840K, reserved 315392K
}
Event: 1917.077 GC heap after
{Heap after GC invocations=85 (full 0):
 garbage-first heap   total 523264K, used 264941K [0x00000000e0000000, 0x0000000100000000)
  region size 1024K, 3 young (3072K), 3 survivors (3072K)
 Metaspace       used 151548K, committed 154560K, reserved 512000K
  class space    used 18669K, committed 19840K, reserved 315392K
}
Event: 1947.575 GC heap before
{Heap before GC invocations=85 (full 0):
 garbage-first heap   total 523264K, used 337645K [0x00000000e0000000, 0x0000000100000000)
  region size 1024K, 75 young (76800K), 3 survivors (3072K)
 Metaspace       used 151975K, committed 154560K, reserved 512000K
  class space    used 18730K, committed 19840K, reserved 315392K
}
Event: 1947.681 GC heap after
{Heap after GC invocations=86 (full 0):
 garbage-first heap   total 523264K, used 264297K [0x00000000e0000000, 0x0000000100000000)
  region size 1024K, 7 young (7168K), 7 survivors (7168K)
 Metaspace       used 151975K, committed 154560K, reserved 512000K
  class space    used 18730K, committed 19840K, reserved 315392K
}

