# JRE version: OpenJDK Runtime Environment Corretto-20.0.2.10.1 (20.0.2.1+10) (build 20.0.2.1+10-FR)
# Java VM: OpenJDK 64-Bit Server VM Corretto-20.0.2.10.1 (20.0.2.1+10-FR, mixed mode, sharing, tiered, compressed oops, compressed class ptrs, g1 gc, windows-amd64)
GC Precious Log:
 CardTable entry size: 512
 Card Set container configuration: InlinePtr #cards 5 size 8 Array Of Cards #cards 12 size 40 Howl #buckets 4 coarsen threshold 1843 Howl Bitmap #cards 512 size 80 coarsen threshold 460 Card regions per heap region 1 cards per card region 2048
 CPUs: 8 total, 8 available
 Memory: 7941M
 Large Page Support: Disabled
 NUMA Support: Disabled
 Compressed Oops: Enabled (32-bit)
 Heap Region Size: 1M
 Heap Min Capacity: 256M
 Heap Initial Capacity: 256M
 Heap Max Capacity: 512M
 Pre-touch: Disabled
 Parallel Workers: 8
 Concurrent Workers: 2
 Concurrent Refinement Workers: 8
 Periodic GC: Disabled
Heap:
 garbage-first heap   total 262144K, used 69226K [0x00000000e0000000, 0x0000000100000000)
  region size 1024K, 35 young (35840K), 1 survivors (1024K)
 Metaspace       used 47496K, committed 49216K, reserved 380928K
  class space    used 6725K, committed 7616K, reserved 315392K
GC Heap History (16 events):
Event: 9.978 GC heap before
{Heap before GC invocations=0 (full 0):
 garbage-first heap   total 262144K, used 26624K [0x00000000e0000000, 0x0000000100000000)
  region size 1024K, 23 young (23552K), 0 survivors (0K)
 Metaspace       used 3137K, committed 3264K, reserved 380928K
  class space    used 397K, committed 448K, reserved 315392K
}
Event: 10.245 GC heap after
{Heap after GC invocations=1 (full 0):
 garbage-first heap   total 262144K, used 10315K [0x00000000e0000000, 0x0000000100000000)
  region size 1024K, 3 young (3072K), 3 survivors (3072K)
 Metaspace       used 3137K, committed 3264K, reserved 380928K
  class space    used 397K, committed 448K, reserved 315392K
}
Event: 14.702 GC heap before
{Heap before GC invocations=1 (full 0):
 garbage-first heap   total 262144K, used 34891K [0x00000000e0000000, 0x0000000100000000)
  region size 1024K, 27 young (27648K), 3 survivors (3072K)
 Metaspace       used 4046K, committed 4224K, reserved 380928K
  class space    used 492K, committed 576K, reserved 315392K
}
Event: 14.711 GC heap after
{Heap after GC invocations=2 (full 0):
 garbage-first heap   total 262144K, used 11328K [0x00000000e0000000, 0x0000000100000000)
  region size 1024K, 1 young (1024K), 1 survivors (1024K)
 Metaspace       used 4046K, committed 4224K, reserved 380928K
  class space    used 492K, committed 576K, reserved 315392K
}
Event: 59.870 GC heap before
{Heap before GC invocations=2 (full 0):
 garbage-first heap   total 262144K, used 117824K [0x00000000e0000000, 0x0000000100000000)
  region size 1024K, 105 young (107520K), 1 survivors (1024K)
 Metaspace       used 20784K, committed 21504K, reserved 380928K
  class space    used 3016K, committed 3392K, reserved 315392K
}
Event: 60.182 GC heap after
{Heap after GC invocations=3 (full 0):
 garbage-first heap   total 262144K, used 22634K [0x00000000e0000000, 0x0000000100000000)
  region size 1024K, 12 young (12288K), 12 survivors (12288K)
 Metaspace       used 20784K, committed 21504K, reserved 380928K
  class space    used 3016K, committed 3392K, reserved 315392K
}
Event: 93.893 GC heap before
{Heap before GC invocations=4 (full 0):
 garbage-first heap   total 262144K, used 77930K [0x00000000e0000000, 0x0000000100000000)
  region size 1024K, 66 young (67584K), 12 survivors (12288K)
 Metaspace       used 28108K, committed 29312K, reserved 380928K
  class space    used 4192K, committed 4800K, reserved 315392K
}
Event: 94.161 GC heap after
{Heap after GC invocations=5 (full 0):
 garbage-first heap   total 262144K, used 25860K [0x00000000e0000000, 0x0000000100000000)
  region size 1024K, 4 young (4096K), 4 survivors (4096K)
 Metaspace       used 28108K, committed 29312K, reserved 380928K
  class space    used 4192K, committed 4800K, reserved 315392K
}
Event: 128.300 GC heap before
{Heap before GC invocations=5 (full 0):
 garbage-first heap   total 262144K, used 72964K [0x00000000e0000000, 0x0000000100000000)
  region size 1024K, 51 young (52224K), 4 survivors (4096K)
 Metaspace       used 34581K, committed 35840K, reserved 380928K
  class space    used 4899K, committed 5504K, reserved 315392K
}
Event: 128.410 GC heap after
{Heap after GC invocations=6 (full 0):
 garbage-first heap   total 262144K, used 31192K [0x00000000e0000000, 0x0000000100000000)
  region size 1024K, 7 young (7168K), 7 survivors (7168K)
 Metaspace       used 34581K, committed 35840K, reserved 380928K
  class space    used 4899K, committed 5504K, reserved 315392K
}
Event: 130.826 GC heap before
{Heap before GC invocations=6 (full 0):
 garbage-first heap   total 262144K, used 34264K [0x00000000e0000000, 0x0000000100000000)
  region size 1024K, 11 young (11264K), 7 survivors (7168K)
 Metaspace       used 34812K, committed 35968K, reserved 380928K
  class space    used 4926K, committed 5504K, reserved 315392K
}
Event: 130.852 GC heap after
{Heap after GC invocations=7 (full 0):
 garbage-first heap   total 262144K, used 32509K [0x00000000e0000000, 0x0000000100000000)
  region size 1024K, 2 young (2048K), 2 survivors (2048K)
 Metaspace       used 34812K, committed 35968K, reserved 380928K
  class space    used 4926K, committed 5504K, reserved 315392K
}
Event: 173.089 GC heap before
{Heap before GC invocations=8 (full 0):
 garbage-first heap   total 262144K, used 119549K [0x00000000e0000000, 0x0000000100000000)
  region size 1024K, 81 young (82944K), 2 survivors (2048K)
 Metaspace       used 43816K, committed 45504K, reserved 380928K
  class space    used 6178K, committed 7040K, reserved 315392K
}
Event: 173.317 GC heap after
{Heap after GC invocations=9 (full 0):
 garbage-first heap   total 262144K, used 36146K [0x00000000e0000000, 0x0000000100000000)
  region size 1024K, 5 young (5120K), 5 survivors (5120K)
 Metaspace       used 43816K, committed 45504K, reserved 380928K
  class space    used 6178K, committed 7040K, reserved 315392K
}
Event: 183.454 GC heap before
{Heap before GC invocations=9 (full 0):
 garbage-first heap   total 262144K, used 46386K [0x00000000e0000000, 0x0000000100000000)
  region size 1024K, 15 young (15360K), 5 survivors (5120K)
 Metaspace       used 44849K, committed 46528K, reserved 380928K
  class space    used 6335K, committed 7168K, reserved 315392K
}
Event: 183.534 GC heap after
{Heap after GC invocations=10 (full 0):
 garbage-first heap   total 262144K, used 36458K [0x00000000e0000000, 0x0000000100000000)
  region size 1024K, 1 young (1024K), 1 survivors (1024K)
 Metaspace       used 44849K, committed 46528K, reserved 380928K
  class space    used 6335K, committed 7168K, reserved 315392K
}

