# JRE version: OpenJDK Runtime Environment Corretto-20.0.2.10.1 (20.0.2.1+10) (build 20.0.2.1+10-FR)
# Java VM: OpenJDK 64-Bit Server VM Corretto-20.0.2.10.1 (20.0.2.1+10-FR, mixed mode, sharing, tiered, compressed oops, compressed class ptrs, g1 gc, windows-amd64)
GC Precious Log:
 CardTable entry size: 512
 Card Set container configuration: InlinePtr #cards 5 size 8 Array Of Cards #cards 12 size 40 Howl #buckets 4 coarsen threshold 1843 Howl Bitmap #cards 512 size 80 coarsen threshold 460 Card regions per heap region 1 cards per card region 2048
 CPUs: 8 total, 8 available
 Memory: 7941M
 Large Page Support: Disabled
 NUMA Support: Disabled
 Compressed Oops: Enabled (32-bit)
 Heap Region Size: 1M
 Heap Min Capacity: 256M
 Heap Initial Capacity: 256M
 Heap Max Capacity: 512M
 Pre-touch: Disabled
 Parallel Workers: 8
 Concurrent Workers: 2
 Concurrent Refinement Workers: 8
 Periodic GC: Disabled
Heap:
 garbage-first heap   total 262144K, used 59636K [0x00000000e0000000, 0x0000000100000000)
  region size 1024K, 9 young (9216K), 7 survivors (7168K)
 Metaspace       used 63325K, committed 65344K, reserved 380928K
  class space    used 8812K, committed 9792K, reserved 315392K
GC Heap History (20 events):
Event: 47.916 GC heap before
{Heap before GC invocations=4 (full 0):
 garbage-first heap   total 262144K, used 126969K [0x00000000e0000000, 0x0000000100000000)
  region size 1024K, 116 young (118784K), 12 survivors (12288K)
 Metaspace       used 34738K, committed 35968K, reserved 380928K
  class space    used 4938K, committed 5568K, reserved 315392K
}
Event: 47.954 GC heap after
{Heap after GC invocations=5 (full 0):
 garbage-first heap   total 262144K, used 30683K [0x00000000e0000000, 0x0000000100000000)
  region size 1024K, 9 young (9216K), 9 survivors (9216K)
 Metaspace       used 34738K, committed 35968K, reserved 380928K
  class space    used 4938K, committed 5568K, reserved 315392K
}
Event: 48.102 GC heap before
{Heap before GC invocations=5 (full 0):
 garbage-first heap   total 262144K, used 37851K [0x00000000e0000000, 0x0000000100000000)
  region size 1024K, 13 young (13312K), 9 survivors (9216K)
 Metaspace       used 35088K, committed 36288K, reserved 380928K
  class space    used 4948K, committed 5568K, reserved 315392K
}
Event: 48.126 GC heap after
{Heap after GC invocations=6 (full 0):
 garbage-first heap   total 262144K, used 32727K [0x00000000e0000000, 0x0000000100000000)
  region size 1024K, 9 young (9216K), 9 survivors (9216K)
 Metaspace       used 35088K, committed 36288K, reserved 380928K
  class space    used 4948K, committed 5568K, reserved 315392K
}
Event: 48.131 GC heap before
{Heap before GC invocations=6 (full 0):
 garbage-first heap   total 262144K, used 32727K [0x00000000e0000000, 0x0000000100000000)
  region size 1024K, 10 young (10240K), 9 survivors (9216K)
 Metaspace       used 35407K, committed 36608K, reserved 380928K
  class space    used 4948K, committed 5568K, reserved 315392K
}
Event: 48.140 GC heap after
{Heap after GC invocations=7 (full 0):
 garbage-first heap   total 262144K, used 32737K [0x00000000e0000000, 0x0000000100000000)
  region size 1024K, 9 young (9216K), 9 survivors (9216K)
 Metaspace       used 35407K, committed 36608K, reserved 380928K
  class space    used 4948K, committed 5568K, reserved 315392K
}
Event: 127.812 GC heap before
{Heap before GC invocations=8 (full 0):
 garbage-first heap   total 262144K, used 182241K [0x00000000e0000000, 0x0000000100000000)
  region size 1024K, 153 young (156672K), 9 survivors (9216K)
 Metaspace       used 50252K, committed 52096K, reserved 380928K
  class space    used 7217K, committed 8128K, reserved 315392K
}
Event: 128.327 GC heap after
{Heap after GC invocations=9 (full 0):
 garbage-first heap   total 262144K, used 36650K [0x00000000e0000000, 0x0000000100000000)
  region size 1024K, 14 young (14336K), 14 survivors (14336K)
 Metaspace       used 50252K, committed 52096K, reserved 380928K
  class space    used 7217K, committed 8128K, reserved 315392K
}
Event: 128.363 GC heap before
{Heap before GC invocations=9 (full 0):
 garbage-first heap   total 262144K, used 37674K [0x00000000e0000000, 0x0000000100000000)
  region size 1024K, 15 young (15360K), 14 survivors (14336K)
 Metaspace       used 50252K, committed 52096K, reserved 380928K
  class space    used 7217K, committed 8128K, reserved 315392K
}
Event: 128.724 GC heap after
{Heap after GC invocations=10 (full 0):
 garbage-first heap   total 262144K, used 37751K [0x00000000e0000000, 0x0000000100000000)
  region size 1024K, 2 young (2048K), 2 survivors (2048K)
 Metaspace       used 50252K, committed 52096K, reserved 380928K
  class space    used 7217K, committed 8128K, reserved 315392K
}
Event: 194.783 GC heap before
{Heap before GC invocations=10 (full 0):
 garbage-first heap   total 262144K, used 134007K [0x00000000e0000000, 0x0000000100000000)
  region size 1024K, 98 young (100352K), 2 survivors (2048K)
 Metaspace       used 59517K, committed 61376K, reserved 380928K
  class space    used 8532K, committed 9472K, reserved 315392K
}
Event: 195.125 GC heap after
{Heap after GC invocations=11 (full 0):
 garbage-first heap   total 262144K, used 44492K [0x00000000e0000000, 0x0000000100000000)
  region size 1024K, 8 young (8192K), 8 survivors (8192K)
 Metaspace       used 59517K, committed 61376K, reserved 380928K
  class space    used 8532K, committed 9472K, reserved 315392K
}
Event: 201.042 GC heap before
{Heap before GC invocations=12 (full 0):
 garbage-first heap   total 262144K, used 50636K [0x00000000e0000000, 0x0000000100000000)
  region size 1024K, 15 young (15360K), 8 survivors (8192K)
 Metaspace       used 60087K, committed 61952K, reserved 380928K
  class space    used 8608K, committed 9536K, reserved 315392K
}
Event: 201.073 GC heap after
{Heap after GC invocations=13 (full 0):
 garbage-first heap   total 262144K, used 45252K [0x00000000e0000000, 0x0000000100000000)
  region size 1024K, 1 young (1024K), 1 survivors (1024K)
 Metaspace       used 60087K, committed 61952K, reserved 380928K
  class space    used 8608K, committed 9536K, reserved 315392K
}
Event: 461.544 GC heap before
{Heap before GC invocations=13 (full 0):
 garbage-first heap   total 262144K, used 155844K [0x00000000e0000000, 0x0000000100000000)
  region size 1024K, 110 young (112640K), 1 survivors (1024K)
 Metaspace       used 62501K, committed 64448K, reserved 380928K
  class space    used 8768K, committed 9728K, reserved 315392K
}
Event: 461.832 GC heap after
{Heap after GC invocations=14 (full 0):
 garbage-first heap   total 262144K, used 51981K [0x00000000e0000000, 0x0000000100000000)
  region size 1024K, 8 young (8192K), 8 survivors (8192K)
 Metaspace       used 62501K, committed 64448K, reserved 380928K
  class space    used 8768K, committed 9728K, reserved 315392K
}
Event: 530.247 GC heap before
{Heap before GC invocations=14 (full 0):
 garbage-first heap   total 262144K, used 83725K [0x00000000e0000000, 0x0000000100000000)
  region size 1024K, 39 young (39936K), 8 survivors (8192K)
 Metaspace       used 62733K, committed 64704K, reserved 380928K
  class space    used 8775K, committed 9728K, reserved 315392K
}
Event: 530.590 GC heap after
{Heap after GC invocations=15 (full 0):
 garbage-first heap   total 262144K, used 54325K [0x00000000e0000000, 0x0000000100000000)
  region size 1024K, 3 young (3072K), 3 survivors (3072K)
 Metaspace       used 62733K, committed 64704K, reserved 380928K
  class space    used 8775K, committed 9728K, reserved 315392K
}
Event: 708.966 GC heap before
{Heap before GC invocations=15 (full 0):
 garbage-first heap   total 262144K, used 123957K [0x00000000e0000000, 0x0000000100000000)
  region size 1024K, 71 young (72704K), 3 survivors (3072K)
 Metaspace       used 63320K, committed 65344K, reserved 380928K
  class space    used 8812K, committed 9792K, reserved 315392K
}
Event: 709.118 GC heap after
{Heap after GC invocations=16 (full 0):
 garbage-first heap   total 262144K, used 58612K [0x00000000e0000000, 0x0000000100000000)
  region size 1024K, 7 young (7168K), 7 survivors (7168K)
 Metaspace       used 63320K, committed 65344K, reserved 380928K
  class space    used 8812K, committed 9792K, reserved 315392K
}

