# JRE version: OpenJDK Runtime Environment Corretto-20.0.2.10.1 (20.0.2.1+10) (build 20.0.2.1+10-FR)
# Java VM: OpenJDK 64-Bit Server VM Corretto-20.0.2.10.1 (20.0.2.1+10-FR, mixed mode, sharing, tiered, compressed oops, compressed class ptrs, g1 gc, windows-amd64)
GC Precious Log:
 CardTable entry size: 512
 Card Set container configuration: InlinePtr #cards 5 size 8 Array Of Cards #cards 12 size 40 Howl #buckets 4 coarsen threshold 1843 Howl Bitmap #cards 512 size 80 coarsen threshold 460 Card regions per heap region 1 cards per card region 2048
 CPUs: 8 total, 8 available
 Memory: 7941M
 Large Page Support: Disabled
 NUMA Support: Disabled
 Compressed Oops: Enabled (32-bit)
 Heap Region Size: 1M
 Heap Min Capacity: 256M
 Heap Initial Capacity: 256M
 Heap Max Capacity: 512M
 Pre-touch: Disabled
 Parallel Workers: 8
 Concurrent Workers: 2
 Concurrent Refinement Workers: 8
 Periodic GC: Disabled
Heap:
 garbage-first heap   total 262144K, used 134749K [0x00000000e0000000, 0x0000000100000000)
  region size 1024K, 107 young (109568K), 8 survivors (8192K)
 Metaspace       used 46273K, committed 47936K, reserved 380928K
  class space    used 6560K, committed 7424K, reserved 315392K
GC Heap History (12 events):
Event: 2.456 GC heap before
{Heap before GC invocations=0 (full 0):
 garbage-first heap   total 262144K, used 26624K [0x00000000e0000000, 0x0000000100000000)
  region size 1024K, 23 young (23552K), 0 survivors (0K)
 Metaspace       used 3119K, committed 3264K, reserved 380928K
  class space    used 397K, committed 448K, reserved 315392K
}
Event: 2.514 GC heap after
{Heap after GC invocations=1 (full 0):
 garbage-first heap   total 262144K, used 10613K [0x00000000e0000000, 0x0000000100000000)
  region size 1024K, 3 young (3072K), 3 survivors (3072K)
 Metaspace       used 3119K, committed 3264K, reserved 380928K
  class space    used 397K, committed 448K, reserved 315392K
}
Event: 4.393 GC heap before
{Heap before GC invocations=1 (full 0):
 garbage-first heap   total 262144K, used 41333K [0x00000000e0000000, 0x0000000100000000)
  region size 1024K, 32 young (32768K), 3 survivors (3072K)
 Metaspace       used 4116K, committed 4288K, reserved 380928K
  class space    used 494K, committed 576K, reserved 315392K
}
Event: 4.402 GC heap after
{Heap after GC invocations=2 (full 0):
 garbage-first heap   total 262144K, used 13329K [0x00000000e0000000, 0x0000000100000000)
  region size 1024K, 3 young (3072K), 3 survivors (3072K)
 Metaspace       used 4116K, committed 4288K, reserved 380928K
  class space    used 494K, committed 576K, reserved 315392K
}
Event: 16.308 GC heap before
{Heap before GC invocations=2 (full 0):
 garbage-first heap   total 262144K, used 113681K [0x00000000e0000000, 0x0000000100000000)
  region size 1024K, 102 young (104448K), 3 survivors (3072K)
 Metaspace       used 20799K, committed 21504K, reserved 380928K
  class space    used 3024K, committed 3392K, reserved 315392K
}
Event: 16.332 GC heap after
{Heap after GC invocations=3 (full 0):
 garbage-first heap   total 262144K, used 22663K [0x00000000e0000000, 0x0000000100000000)
  region size 1024K, 12 young (12288K), 12 survivors (12288K)
 Metaspace       used 20799K, committed 21504K, reserved 380928K
  class space    used 3024K, committed 3392K, reserved 315392K
}
Event: 24.051 GC heap before
{Heap before GC invocations=4 (full 0):
 garbage-first heap   total 262144K, used 128135K [0x00000000e0000000, 0x0000000100000000)
  region size 1024K, 117 young (119808K), 12 survivors (12288K)
 Metaspace       used 34763K, committed 35968K, reserved 380928K
  class space    used 4934K, committed 5504K, reserved 315392K
}
Event: 24.077 GC heap after
{Heap after GC invocations=5 (full 0):
 garbage-first heap   total 262144K, used 31317K [0x00000000e0000000, 0x0000000100000000)
  region size 1024K, 9 young (9216K), 9 survivors (9216K)
 Metaspace       used 34763K, committed 35968K, reserved 380928K
  class space    used 4934K, committed 5504K, reserved 315392K
}
Event: 24.237 GC heap before
{Heap before GC invocations=5 (full 0):
 garbage-first heap   total 262144K, used 39509K [0x00000000e0000000, 0x0000000100000000)
  region size 1024K, 13 young (13312K), 9 survivors (9216K)
 Metaspace       used 35091K, committed 36288K, reserved 380928K
  class space    used 4946K, committed 5568K, reserved 315392K
}
Event: 24.255 GC heap after
{Heap after GC invocations=6 (full 0):
 garbage-first heap   total 262144K, used 33373K [0x00000000e0000000, 0x0000000100000000)
  region size 1024K, 8 young (8192K), 8 survivors (8192K)
 Metaspace       used 35091K, committed 36288K, reserved 380928K
  class space    used 4946K, committed 5568K, reserved 315392K
}
Event: 24.264 GC heap before
{Heap before GC invocations=6 (full 0):
 garbage-first heap   total 262144K, used 33373K [0x00000000e0000000, 0x0000000100000000)
  region size 1024K, 9 young (9216K), 8 survivors (8192K)
 Metaspace       used 35411K, committed 36608K, reserved 380928K
  class space    used 4946K, committed 5568K, reserved 315392K
}
Event: 24.273 GC heap after
{Heap after GC invocations=7 (full 0):
 garbage-first heap   total 262144K, used 33373K [0x00000000e0000000, 0x0000000100000000)
  region size 1024K, 8 young (8192K), 8 survivors (8192K)
 Metaspace       used 35411K, committed 36608K, reserved 380928K
  class space    used 4946K, committed 5568K, reserved 315392K
}

