# JRE version: OpenJDK Runtime Environment Corretto-20.0.2.10.1 (20.0.2.1+10) (build 20.0.2.1+10-FR)
# Java VM: OpenJDK 64-Bit Server VM Corretto-20.0.2.10.1 (20.0.2.1+10-FR, mixed mode, sharing, tiered, compressed oops, compressed class ptrs, g1 gc, windows-amd64)
GC Precious Log:
 CardTable entry size: 512
 Card Set container configuration: InlinePtr #cards 5 size 8 Array Of Cards #cards 12 size 40 Howl #buckets 4 coarsen threshold 1843 Howl Bitmap #cards 512 size 80 coarsen threshold 460 Card regions per heap region 1 cards per card region 2048
 CPUs: 8 total, 8 available
 Memory: 7941M
 Large Page Support: Disabled
 NUMA Support: Disabled
 Compressed Oops: Enabled (32-bit)
 Heap Region Size: 1M
 Heap Min Capacity: 256M
 Heap Initial Capacity: 256M
 Heap Max Capacity: 512M
 Pre-touch: Disabled
 Parallel Workers: 8
 Concurrent Workers: 2
 Concurrent Refinement Workers: 8
 Periodic GC: Disabled
Heap:
 garbage-first heap   total 262144K, used 89499K [0x00000000e0000000, 0x0000000100000000)
  region size 1024K, 34 young (34816K), 3 survivors (3072K)
 Metaspace       used 64314K, committed 66368K, reserved 380928K
  class space    used 8989K, committed 10048K, reserved 315392K
GC Heap History (20 events):
Event: 36.705 GC heap before
{Heap before GC invocations=4 (full 0):
 garbage-first heap   total 262144K, used 129034K [0x00000000e0000000, 0x0000000100000000)
  region size 1024K, 117 young (119808K), 12 survivors (12288K)
 Metaspace       used 34773K, committed 35968K, reserved 380928K
  class space    used 4928K, committed 5504K, reserved 315392K
}
Event: 36.747 GC heap after
{Heap after GC invocations=5 (full 0):
 garbage-first heap   total 262144K, used 31316K [0x00000000e0000000, 0x0000000100000000)
  region size 1024K, 9 young (9216K), 9 survivors (9216K)
 Metaspace       used 34773K, committed 35968K, reserved 380928K
  class space    used 4928K, committed 5504K, reserved 315392K
}
Event: 37.035 GC heap before
{Heap before GC invocations=5 (full 0):
 garbage-first heap   total 262144K, used 37460K [0x00000000e0000000, 0x0000000100000000)
  region size 1024K, 11 young (11264K), 9 survivors (9216K)
 Metaspace       used 34960K, committed 36096K, reserved 380928K
  class space    used 4936K, committed 5504K, reserved 315392K
}
Event: 37.069 GC heap after
{Heap after GC invocations=6 (full 0):
 garbage-first heap   total 262144K, used 32951K [0x00000000e0000000, 0x0000000100000000)
  region size 1024K, 9 young (9216K), 9 survivors (9216K)
 Metaspace       used 34960K, committed 36096K, reserved 380928K
  class space    used 4936K, committed 5504K, reserved 315392K
}
Event: 37.077 GC heap before
{Heap before GC invocations=6 (full 0):
 garbage-first heap   total 262144K, used 32951K [0x00000000e0000000, 0x0000000100000000)
  region size 1024K, 10 young (10240K), 9 survivors (9216K)
 Metaspace       used 35276K, committed 36416K, reserved 380928K
  class space    used 4936K, committed 5504K, reserved 315392K
}
Event: 37.092 GC heap after
{Heap after GC invocations=7 (full 0):
 garbage-first heap   total 262144K, used 32768K [0x00000000e0000000, 0x0000000100000000)
  region size 1024K, 8 young (8192K), 8 survivors (8192K)
 Metaspace       used 35276K, committed 36416K, reserved 380928K
  class space    used 4936K, committed 5504K, reserved 315392K
}
Event: 62.938 GC heap before
{Heap before GC invocations=8 (full 0):
 garbage-first heap   total 262144K, used 183296K [0x00000000e0000000, 0x0000000100000000)
  region size 1024K, 153 young (156672K), 8 survivors (8192K)
 Metaspace       used 50592K, committed 52416K, reserved 380928K
  class space    used 7277K, committed 8192K, reserved 315392K
}
Event: 63.145 GC heap after
{Heap after GC invocations=9 (full 0):
 garbage-first heap   total 262144K, used 38074K [0x00000000e0000000, 0x0000000100000000)
  region size 1024K, 16 young (16384K), 16 survivors (16384K)
 Metaspace       used 50592K, committed 52416K, reserved 380928K
  class space    used 7277K, committed 8192K, reserved 315392K
}
Event: 76.642 GC heap before
{Heap before GC invocations=9 (full 0):
 garbage-first heap   total 262144K, used 122042K [0x00000000e0000000, 0x0000000100000000)
  region size 1024K, 99 young (101376K), 16 survivors (16384K)
 Metaspace       used 59258K, committed 61120K, reserved 380928K
  class space    used 8491K, committed 9408K, reserved 315392K
}
Event: 76.731 GC heap after
{Heap after GC invocations=10 (full 0):
 garbage-first heap   total 262144K, used 44088K [0x00000000e0000000, 0x0000000100000000)
  region size 1024K, 14 young (14336K), 14 survivors (14336K)
 Metaspace       used 59258K, committed 61120K, reserved 380928K
  class space    used 8491K, committed 9408K, reserved 315392K
}
Event: 78.014 GC heap before
{Heap before GC invocations=10 (full 0):
 garbage-first heap   total 262144K, used 64568K [0x00000000e0000000, 0x0000000100000000)
  region size 1024K, 35 young (35840K), 14 survivors (14336K)
 Metaspace       used 59543K, committed 61440K, reserved 380928K
  class space    used 8523K, committed 9472K, reserved 315392K
}
Event: 78.048 GC heap after
{Heap after GC invocations=11 (full 0):
 garbage-first heap   total 262144K, used 48865K [0x00000000e0000000, 0x0000000100000000)
  region size 1024K, 11 young (11264K), 11 survivors (11264K)
 Metaspace       used 59543K, committed 61440K, reserved 380928K
  class space    used 8523K, committed 9472K, reserved 315392K
}
Event: 362.034 GC heap before
{Heap before GC invocations=12 (full 0):
 garbage-first heap   total 262144K, used 162529K [0x00000000e0000000, 0x0000000100000000)
  region size 1024K, 123 young (125952K), 11 survivors (11264K)
 Metaspace       used 63088K, committed 65088K, reserved 380928K
  class space    used 8924K, committed 9920K, reserved 315392K
}
Event: 362.965 GC heap after
{Heap after GC invocations=13 (full 0):
 garbage-first heap   total 262144K, used 53756K [0x00000000e0000000, 0x0000000100000000)
  region size 1024K, 11 young (11264K), 11 survivors (11264K)
 Metaspace       used 63088K, committed 65088K, reserved 380928K
  class space    used 8924K, committed 9920K, reserved 315392K
}
Event: 364.273 GC heap before
{Heap before GC invocations=13 (full 0):
 garbage-first heap   total 262144K, used 54780K [0x00000000e0000000, 0x0000000100000000)
  region size 1024K, 12 young (12288K), 11 survivors (11264K)
 Metaspace       used 63108K, committed 65152K, reserved 380928K
  class space    used 8926K, committed 9920K, reserved 315392K
}
Event: 365.214 GC heap after
{Heap after GC invocations=14 (full 0):
 garbage-first heap   total 262144K, used 54684K [0x00000000e0000000, 0x0000000100000000)
  region size 1024K, 2 young (2048K), 2 survivors (2048K)
 Metaspace       used 63108K, committed 65152K, reserved 380928K
  class space    used 8926K, committed 9920K, reserved 315392K
}
Event: 432.936 GC heap before
{Heap before GC invocations=14 (full 0):
 garbage-first heap   total 262144K, used 96668K [0x00000000e0000000, 0x0000000100000000)
  region size 1024K, 44 young (45056K), 2 survivors (2048K)
 Metaspace       used 63733K, committed 65728K, reserved 380928K
  class space    used 8954K, committed 9920K, reserved 315392K
}
Event: 433.052 GC heap after
{Heap after GC invocations=15 (full 0):
 garbage-first heap   total 262144K, used 56861K [0x00000000e0000000, 0x0000000100000000)
  region size 1024K, 5 young (5120K), 5 survivors (5120K)
 Metaspace       used 63733K, committed 65728K, reserved 380928K
  class space    used 8954K, committed 9920K, reserved 315392K
}
Event: 478.048 GC heap before
{Heap before GC invocations=15 (full 0):
 garbage-first heap   total 262144K, used 87581K [0x00000000e0000000, 0x0000000100000000)
  region size 1024K, 36 young (36864K), 5 survivors (5120K)
 Metaspace       used 63965K, committed 65984K, reserved 380928K
  class space    used 8963K, committed 9920K, reserved 315392K
}
Event: 478.330 GC heap after
{Heap after GC invocations=16 (full 0):
 garbage-first heap   total 262144K, used 58779K [0x00000000e0000000, 0x0000000100000000)
  region size 1024K, 3 young (3072K), 3 survivors (3072K)
 Metaspace       used 63965K, committed 65984K, reserved 380928K
  class space    used 8963K, committed 9920K, reserved 315392K
}

