# JRE version: OpenJDK Runtime Environment Corretto-20.0.2.10.1 (20.0.2.1+10) (build 20.0.2.1+10-FR)
# Java VM: OpenJDK 64-Bit Server VM Corretto-20.0.2.10.1 (20.0.2.1+10-FR, mixed mode, sharing, tiered, compressed oops, compressed class ptrs, g1 gc, windows-amd64)
GC Precious Log:
 CardTable entry size: 512
 Card Set container configuration: InlinePtr #cards 5 size 8 Array Of Cards #cards 12 size 40 Howl #buckets 4 coarsen threshold 1843 Howl Bitmap #cards 512 size 80 coarsen threshold 460 Card regions per heap region 1 cards per card region 2048
 CPUs: 8 total, 8 available
 Memory: 7941M
 Large Page Support: Disabled
 NUMA Support: Disabled
 Compressed Oops: Enabled (32-bit)
 Heap Region Size: 1M
 Heap Min Capacity: 256M
 Heap Initial Capacity: 256M
 Heap Max Capacity: 512M
 Pre-touch: Disabled
 Parallel Workers: 8
 Concurrent Workers: 2
 Concurrent Refinement Workers: 8
 Periodic GC: Disabled
Heap:
 garbage-first heap   total 262144K, used 123059K [0x00000000e0000000, 0x0000000100000000)
  region size 1024K, 99 young (101376K), 17 survivors (17408K)
 Metaspace       used 59038K, committed 60992K, reserved 380928K
  class space    used 8478K, committed 9472K, reserved 315392K
GC Heap History (14 events):
Event: 3.169 GC heap before
{Heap before GC invocations=0 (full 0):
 garbage-first heap   total 262144K, used 26624K [0x00000000e0000000, 0x0000000100000000)
  region size 1024K, 23 young (23552K), 0 survivors (0K)
 Metaspace       used 3145K, committed 3264K, reserved 380928K
  class space    used 397K, committed 448K, reserved 315392K
}
Event: 3.182 GC heap after
{Heap after GC invocations=1 (full 0):
 garbage-first heap   total 262144K, used 10240K [0x00000000e0000000, 0x0000000100000000)
  region size 1024K, 3 young (3072K), 3 survivors (3072K)
 Metaspace       used 3145K, committed 3264K, reserved 380928K
  class space    used 397K, committed 448K, reserved 315392K
}
Event: 5.001 GC heap before
{Heap before GC invocations=1 (full 0):
 garbage-first heap   total 262144K, used 39936K [0x00000000e0000000, 0x0000000100000000)
  region size 1024K, 32 young (32768K), 3 survivors (3072K)
 Metaspace       used 4122K, committed 4288K, reserved 380928K
  class space    used 491K, committed 576K, reserved 315392K
}
Event: 5.007 GC heap after
{Heap after GC invocations=2 (full 0):
 garbage-first heap   total 262144K, used 13315K [0x00000000e0000000, 0x0000000100000000)
  region size 1024K, 3 young (3072K), 3 survivors (3072K)
 Metaspace       used 4122K, committed 4288K, reserved 380928K
  class space    used 491K, committed 576K, reserved 315392K
}
Event: 11.748 GC heap before
{Heap before GC invocations=2 (full 0):
 garbage-first heap   total 262144K, used 114691K [0x00000000e0000000, 0x0000000100000000)
  region size 1024K, 103 young (105472K), 3 survivors (3072K)
 Metaspace       used 20884K, committed 21504K, reserved 380928K
  class space    used 3037K, committed 3328K, reserved 315392K
}
Event: 11.769 GC heap after
{Heap after GC invocations=3 (full 0):
 garbage-first heap   total 262144K, used 22356K [0x00000000e0000000, 0x0000000100000000)
  region size 1024K, 12 young (12288K), 12 survivors (12288K)
 Metaspace       used 20884K, committed 21504K, reserved 380928K
  class space    used 3037K, committed 3328K, reserved 315392K
}
Event: 17.336 GC heap before
{Heap before GC invocations=4 (full 0):
 garbage-first heap   total 262144K, used 125780K [0x00000000e0000000, 0x0000000100000000)
  region size 1024K, 115 young (117760K), 12 survivors (12288K)
 Metaspace       used 34821K, committed 35968K, reserved 380928K
  class space    used 4946K, committed 5504K, reserved 315392K
}
Event: 17.364 GC heap after
{Heap after GC invocations=5 (full 0):
 garbage-first heap   total 262144K, used 31192K [0x00000000e0000000, 0x0000000100000000)
  region size 1024K, 9 young (9216K), 9 survivors (9216K)
 Metaspace       used 34821K, committed 35968K, reserved 380928K
  class space    used 4946K, committed 5504K, reserved 315392K
}
Event: 17.713 GC heap before
{Heap before GC invocations=5 (full 0):
 garbage-first heap   total 262144K, used 34264K [0x00000000e0000000, 0x0000000100000000)
  region size 1024K, 13 young (13312K), 9 survivors (9216K)
 Metaspace       used 35080K, committed 36288K, reserved 380928K
  class space    used 4968K, committed 5568K, reserved 315392K
}
Event: 17.729 GC heap after
{Heap after GC invocations=6 (full 0):
 garbage-first heap   total 262144K, used 31169K [0x00000000e0000000, 0x0000000100000000)
  region size 1024K, 8 young (8192K), 8 survivors (8192K)
 Metaspace       used 35080K, committed 36288K, reserved 380928K
  class space    used 4968K, committed 5568K, reserved 315392K
}
Event: 17.759 GC heap before
{Heap before GC invocations=6 (full 0):
 garbage-first heap   total 262144K, used 36289K [0x00000000e0000000, 0x0000000100000000)
  region size 1024K, 10 young (10240K), 8 survivors (8192K)
 Metaspace       used 35411K, committed 36608K, reserved 380928K
  class space    used 4969K, committed 5568K, reserved 315392K
}
Event: 17.769 GC heap after
{Heap after GC invocations=7 (full 0):
 garbage-first heap   total 262144K, used 33217K [0x00000000e0000000, 0x0000000100000000)
  region size 1024K, 8 young (8192K), 8 survivors (8192K)
 Metaspace       used 35411K, committed 36608K, reserved 380928K
  class space    used 4969K, committed 5568K, reserved 315392K
}
Event: 32.710 GC heap before
{Heap before GC invocations=8 (full 0):
 garbage-first heap   total 262144K, used 183745K [0x00000000e0000000, 0x0000000100000000)
  region size 1024K, 153 young (156672K), 8 survivors (8192K)
 Metaspace       used 50942K, committed 52800K, reserved 380928K
  class space    used 7335K, committed 8256K, reserved 315392K
}
Event: 32.762 GC heap after
{Heap after GC invocations=9 (full 0):
 garbage-first heap   total 262144K, used 40115K [0x00000000e0000000, 0x0000000100000000)
  region size 1024K, 17 young (17408K), 17 survivors (17408K)
 Metaspace       used 50942K, committed 52800K, reserved 380928K
  class space    used 7335K, committed 8256K, reserved 315392K
}

