# JRE version: OpenJDK Runtime Environment Corretto-20.0.2.10.1 (20.0.2.1+10) (build 20.0.2.1+10-FR)
# Java VM: OpenJDK 64-Bit Server VM Corretto-20.0.2.10.1 (20.0.2.1+10-FR, mixed mode, sharing, tiered, compressed oops, compressed class ptrs, g1 gc, windows-amd64)
GC Precious Log:
 CardTable entry size: 512
 Card Set container configuration: InlinePtr #cards 5 size 8 Array Of Cards #cards 12 size 40 Howl #buckets 4 coarsen threshold 1843 Howl Bitmap #cards 512 size 80 coarsen threshold 460 Card regions per heap region 1 cards per card region 2048
 CPUs: 8 total, 8 available
 Memory: 7941M
 Large Page Support: Disabled
 NUMA Support: Disabled
 Compressed Oops: Enabled (32-bit)
 Heap Region Size: 1M
 Heap Min Capacity: 256M
 Heap Initial Capacity: 256M
 Heap Max Capacity: 512M
 Pre-touch: Disabled
 Parallel Workers: 8
 Concurrent Workers: 2
 Concurrent Refinement Workers: 8
 Periodic GC: Disabled
Heap:
 garbage-first heap   total 262144K, used 164739K [0x00000000e0000000, 0x0000000100000000)
  region size 1024K, 113 young (115712K), 9 survivors (9216K)
 Metaspace       used 65039K, committed 67136K, reserved 380928K
  class space    used 8952K, committed 9984K, reserved 315392K
GC Heap History (20 events):
Event: 1.722 GC heap before
{Heap before GC invocations=1 (full 0):
 garbage-first heap   total 262144K, used 40378K [0x00000000e0000000, 0x0000000100000000)
  region size 1024K, 32 young (32768K), 3 survivors (3072K)
 Metaspace       used 4117K, committed 4288K, reserved 380928K
  class space    used 493K, committed 576K, reserved 315392K
}
Event: 1.725 GC heap after
{Heap after GC invocations=2 (full 0):
 garbage-first heap   total 262144K, used 14020K [0x00000000e0000000, 0x0000000100000000)
  region size 1024K, 3 young (3072K), 3 survivors (3072K)
 Metaspace       used 4117K, committed 4288K, reserved 380928K
  class space    used 493K, committed 576K, reserved 315392K
}
Event: 5.249 GC heap before
{Heap before GC invocations=2 (full 0):
 garbage-first heap   total 262144K, used 114372K [0x00000000e0000000, 0x0000000100000000)
  region size 1024K, 102 young (104448K), 3 survivors (3072K)
 Metaspace       used 20855K, committed 21504K, reserved 380928K
  class space    used 3039K, committed 3328K, reserved 315392K
}
Event: 5.269 GC heap after
{Heap after GC invocations=3 (full 0):
 garbage-first heap   total 262144K, used 22769K [0x00000000e0000000, 0x0000000100000000)
  region size 1024K, 12 young (12288K), 12 survivors (12288K)
 Metaspace       used 20855K, committed 21504K, reserved 380928K
  class space    used 3039K, committed 3328K, reserved 315392K
}
Event: 10.715 GC heap before
{Heap before GC invocations=4 (full 0):
 garbage-first heap   total 262144K, used 128241K [0x00000000e0000000, 0x0000000100000000)
  region size 1024K, 117 young (119808K), 12 survivors (12288K)
 Metaspace       used 34784K, committed 35968K, reserved 380928K
  class space    used 4932K, committed 5504K, reserved 315392K
}
Event: 10.735 GC heap after
{Heap after GC invocations=5 (full 0):
 garbage-first heap   total 262144K, used 32351K [0x00000000e0000000, 0x0000000100000000)
  region size 1024K, 10 young (10240K), 10 survivors (10240K)
 Metaspace       used 34784K, committed 35968K, reserved 380928K
  class space    used 4932K, committed 5504K, reserved 315392K
}
Event: 10.758 GC heap before
{Heap before GC invocations=5 (full 0):
 garbage-first heap   total 262144K, used 38495K [0x00000000e0000000, 0x0000000100000000)
  region size 1024K, 12 young (12288K), 10 survivors (10240K)
 Metaspace       used 35045K, committed 36288K, reserved 380928K
  class space    used 4936K, committed 5568K, reserved 315392K
}
Event: 10.767 GC heap after
{Heap after GC invocations=6 (full 0):
 garbage-first heap   total 262144K, used 33198K [0x00000000e0000000, 0x0000000100000000)
  region size 1024K, 9 young (9216K), 9 survivors (9216K)
 Metaspace       used 35045K, committed 36288K, reserved 380928K
  class space    used 4936K, committed 5568K, reserved 315392K
}
Event: 10.773 GC heap before
{Heap before GC invocations=6 (full 0):
 garbage-first heap   total 262144K, used 33198K [0x00000000e0000000, 0x0000000100000000)
  region size 1024K, 10 young (10240K), 9 survivors (9216K)
 Metaspace       used 35364K, committed 36608K, reserved 380928K
  class space    used 4936K, committed 5568K, reserved 315392K
}
Event: 10.781 GC heap after
{Heap after GC invocations=7 (full 0):
 garbage-first heap   total 262144K, used 33393K [0x00000000e0000000, 0x0000000100000000)
  region size 1024K, 9 young (9216K), 9 survivors (9216K)
 Metaspace       used 35364K, committed 36608K, reserved 380928K
  class space    used 4936K, committed 5568K, reserved 315392K
}
Event: 25.199 GC heap before
{Heap before GC invocations=8 (full 0):
 garbage-first heap   total 262144K, used 181873K [0x00000000e0000000, 0x0000000100000000)
  region size 1024K, 153 young (156672K), 9 survivors (9216K)
 Metaspace       used 50467K, committed 52352K, reserved 380928K
  class space    used 7263K, committed 8192K, reserved 315392K
}
Event: 25.227 GC heap after
{Heap after GC invocations=9 (full 0):
 garbage-first heap   total 262144K, used 38890K [0x00000000e0000000, 0x0000000100000000)
  region size 1024K, 16 young (16384K), 16 survivors (16384K)
 Metaspace       used 50467K, committed 52352K, reserved 380928K
  class space    used 7263K, committed 8192K, reserved 315392K
}
Event: 27.961 GC heap before
{Heap before GC invocations=9 (full 0):
 garbage-first heap   total 262144K, used 130026K [0x00000000e0000000, 0x0000000100000000)
  region size 1024K, 106 young (108544K), 16 survivors (16384K)
 Metaspace       used 59342K, committed 61248K, reserved 380928K
  class space    used 8538K, committed 9472K, reserved 315392K
}
Event: 27.988 GC heap after
{Heap after GC invocations=10 (full 0):
 garbage-first heap   total 262144K, used 45102K [0x00000000e0000000, 0x0000000100000000)
  region size 1024K, 15 young (15360K), 15 survivors (15360K)
 Metaspace       used 59342K, committed 61248K, reserved 380928K
  class space    used 8538K, committed 9472K, reserved 315392K
}
Event: 28.045 GC heap before
{Heap before GC invocations=10 (full 0):
 garbage-first heap   total 262144K, used 48174K [0x00000000e0000000, 0x0000000100000000)
  region size 1024K, 20 young (20480K), 15 survivors (15360K)
 Metaspace       used 59613K, committed 61568K, reserved 380928K
  class space    used 8564K, committed 9536K, reserved 315392K
}
Event: 28.062 GC heap after
{Heap after GC invocations=11 (full 0):
 garbage-first heap   total 262144K, used 44988K [0x00000000e0000000, 0x0000000100000000)
  region size 1024K, 7 young (7168K), 7 survivors (7168K)
 Metaspace       used 59613K, committed 61568K, reserved 380928K
  class space    used 8564K, committed 9536K, reserved 315392K
}
Event: 33.802 GC heap before
{Heap before GC invocations=12 (full 0):
 garbage-first heap   total 262144K, used 193468K [0x00000000e0000000, 0x0000000100000000)
  region size 1024K, 153 young (156672K), 7 survivors (7168K)
 Metaspace       used 62857K, committed 64960K, reserved 380928K
  class space    used 8816K, committed 9856K, reserved 315392K
}
Event: 33.823 GC heap after
{Heap after GC invocations=13 (full 0):
 garbage-first heap   total 262144K, used 57310K [0x00000000e0000000, 0x0000000100000000)
  region size 1024K, 19 young (19456K), 19 survivors (19456K)
 Metaspace       used 62857K, committed 64960K, reserved 380928K
  class space    used 8816K, committed 9856K, reserved 315392K
}
Event: 533.110 GC heap before
{Heap before GC invocations=13 (full 0):
 garbage-first heap   total 262144K, used 193502K [0x00000000e0000000, 0x0000000100000000)
  region size 1024K, 153 young (156672K), 19 survivors (19456K)
 Metaspace       used 64517K, committed 66624K, reserved 380928K
  class space    used 8944K, committed 9984K, reserved 315392K
}
Event: 534.325 GC heap after
{Heap after GC invocations=14 (full 0):
 garbage-first heap   total 262144K, used 59267K [0x00000000e0000000, 0x0000000100000000)
  region size 1024K, 9 young (9216K), 9 survivors (9216K)
 Metaspace       used 64517K, committed 66624K, reserved 380928K
  class space    used 8944K, committed 9984K, reserved 315392K
}

