# JRE version: OpenJDK Runtime Environment Corretto-20.0.2.10.1 (20.0.2.1+10) (build 20.0.2.1+10-FR)
# Java VM: OpenJDK 64-Bit Server VM Corretto-20.0.2.10.1 (20.0.2.1+10-FR, mixed mode, sharing, tiered, compressed oops, compressed class ptrs, g1 gc, windows-amd64)
GC Precious Log:
 CardTable entry size: 512
 Card Set container configuration: InlinePtr #cards 5 size 8 Array Of Cards #cards 12 size 40 Howl #buckets 4 coarsen threshold 1843 Howl Bitmap #cards 512 size 80 coarsen threshold 460 Card regions per heap region 1 cards per card region 2048
 CPUs: 8 total, 8 available
 Memory: 7941M
 Large Page Support: Disabled
 NUMA Support: Disabled
 Compressed Oops: Enabled (32-bit)
 Heap Region Size: 1M
 Heap Min Capacity: 256M
 Heap Initial Capacity: 256M
 Heap Max Capacity: 512M
 Pre-touch: Disabled
 Parallel Workers: 8
 Concurrent Workers: 2
 Concurrent Refinement Workers: 8
 Periodic GC: Disabled
Heap:
 garbage-first heap   total 262144K, used 90179K [0x00000000e0000000, 0x0000000100000000)
  region size 1024K, 43 young (44032K), 2 survivors (2048K)
 Metaspace       used 62542K, committed 64512K, reserved 380928K
  class space    used 8788K, committed 9792K, reserved 315392K
GC Heap History (20 events):
Event: 20.837 GC heap before
{Heap before GC invocations=2 (full 0):
 garbage-first heap   total 262144K, used 114535K [0x00000000e0000000, 0x0000000100000000)
  region size 1024K, 103 young (105472K), 3 survivors (3072K)
 Metaspace       used 20783K, committed 21504K, reserved 380928K
  class space    used 3022K, committed 3392K, reserved 315392K
}
Event: 20.908 GC heap after
{Heap after GC invocations=3 (full 0):
 garbage-first heap   total 262144K, used 22722K [0x00000000e0000000, 0x0000000100000000)
  region size 1024K, 13 young (13312K), 13 survivors (13312K)
 Metaspace       used 20783K, committed 21504K, reserved 380928K
  class space    used 3022K, committed 3392K, reserved 315392K
}
Event: 45.887 GC heap before
{Heap before GC invocations=4 (full 0):
 garbage-first heap   total 262144K, used 128194K [0x00000000e0000000, 0x0000000100000000)
  region size 1024K, 117 young (119808K), 13 survivors (13312K)
 Metaspace       used 34774K, committed 35968K, reserved 380928K
  class space    used 4938K, committed 5568K, reserved 315392K
}
Event: 46.306 GC heap after
{Heap after GC invocations=5 (full 0):
 garbage-first heap   total 262144K, used 30628K [0x00000000e0000000, 0x0000000100000000)
  region size 1024K, 9 young (9216K), 9 survivors (9216K)
 Metaspace       used 34774K, committed 35968K, reserved 380928K
  class space    used 4938K, committed 5568K, reserved 315392K
}
Event: 61.737 GC heap before
{Heap before GC invocations=6 (full 0):
 garbage-first heap   total 262144K, used 56228K [0x00000000e0000000, 0x0000000100000000)
  region size 1024K, 30 young (30720K), 9 survivors (9216K)
 Metaspace       used 37093K, committed 38400K, reserved 380928K
  class space    used 5182K, committed 5824K, reserved 315392K
}
Event: 61.880 GC heap after
{Heap after GC invocations=7 (full 0):
 garbage-first heap   total 262144K, used 32391K [0x00000000e0000000, 0x0000000100000000)
  region size 1024K, 3 young (3072K), 3 survivors (3072K)
 Metaspace       used 37093K, committed 38400K, reserved 380928K
  class space    used 5182K, committed 5824K, reserved 315392K
}
Event: 122.955 GC heap before
{Heap before GC invocations=7 (full 0):
 garbage-first heap   total 262144K, used 132743K [0x00000000e0000000, 0x0000000100000000)
  region size 1024K, 100 young (102400K), 3 survivors (3072K)
 Metaspace       used 47617K, committed 49280K, reserved 380928K
  class space    used 6766K, committed 7616K, reserved 315392K
}
Event: 123.423 GC heap after
{Heap after GC invocations=8 (full 0):
 garbage-first heap   total 262144K, used 35837K [0x00000000e0000000, 0x0000000100000000)
  region size 1024K, 6 young (6144K), 6 survivors (6144K)
 Metaspace       used 47617K, committed 49280K, reserved 380928K
  class space    used 6766K, committed 7616K, reserved 315392K
}
Event: 125.179 GC heap before
{Heap before GC invocations=8 (full 0):
 garbage-first heap   total 262144K, used 41981K [0x00000000e0000000, 0x0000000100000000)
  region size 1024K, 12 young (12288K), 6 survivors (6144K)
 Metaspace       used 48351K, committed 50048K, reserved 380928K
  class space    used 6897K, committed 7744K, reserved 315392K
}
Event: 125.210 GC heap after
{Heap after GC invocations=9 (full 0):
 garbage-first heap   total 262144K, used 36665K [0x00000000e0000000, 0x0000000100000000)
  region size 1024K, 1 young (1024K), 1 survivors (1024K)
 Metaspace       used 48351K, committed 50048K, reserved 380928K
  class space    used 6897K, committed 7744K, reserved 315392K
}
Event: 136.262 GC heap before
{Heap before GC invocations=9 (full 0):
 garbage-first heap   total 262144K, used 76601K [0x00000000e0000000, 0x0000000100000000)
  region size 1024K, 41 young (41984K), 1 survivors (1024K)
 Metaspace       used 52623K, committed 54464K, reserved 380928K
  class space    used 7528K, committed 8448K, reserved 315392K
}
Event: 136.297 GC heap after
{Heap after GC invocations=10 (full 0):
 garbage-first heap   total 262144K, used 39085K [0x00000000e0000000, 0x0000000100000000)
  region size 1024K, 4 young (4096K), 4 survivors (4096K)
 Metaspace       used 52623K, committed 54464K, reserved 380928K
  class space    used 7528K, committed 8448K, reserved 315392K
}
Event: 147.677 GC heap before
{Heap before GC invocations=10 (full 0):
 garbage-first heap   total 262144K, used 64685K [0x00000000e0000000, 0x0000000100000000)
  region size 1024K, 30 young (30720K), 4 survivors (4096K)
 Metaspace       used 55357K, committed 57216K, reserved 380928K
  class space    used 7859K, committed 8768K, reserved 315392K
}
Event: 147.704 GC heap after
{Heap after GC invocations=11 (full 0):
 garbage-first heap   total 262144K, used 40189K [0x00000000e0000000, 0x0000000100000000)
  region size 1024K, 2 young (2048K), 2 survivors (2048K)
 Metaspace       used 55357K, committed 57216K, reserved 380928K
  class space    used 7859K, committed 8768K, reserved 315392K
}
Event: 155.387 GC heap before
{Heap before GC invocations=11 (full 0):
 garbage-first heap   total 262144K, used 66813K [0x00000000e0000000, 0x0000000100000000)
  region size 1024K, 29 young (29696K), 2 survivors (2048K)
 Metaspace       used 58203K, committed 60096K, reserved 380928K
  class space    used 8324K, committed 9280K, reserved 315392K
}
Event: 155.423 GC heap after
{Heap after GC invocations=12 (full 0):
 garbage-first heap   total 262144K, used 41672K [0x00000000e0000000, 0x0000000100000000)
  region size 1024K, 3 young (3072K), 3 survivors (3072K)
 Metaspace       used 58203K, committed 60096K, reserved 380928K
  class space    used 8324K, committed 9280K, reserved 315392K
}
Event: 185.159 GC heap before
{Heap before GC invocations=13 (full 0):
 garbage-first heap   total 262144K, used 129736K [0x00000000e0000000, 0x0000000100000000)
  region size 1024K, 90 young (92160K), 3 survivors (3072K)
 Metaspace       used 61943K, committed 63936K, reserved 380928K
  class space    used 8757K, committed 9728K, reserved 315392K
}
Event: 185.328 GC heap after
{Heap after GC invocations=14 (full 0):
 garbage-first heap   total 262144K, used 49012K [0x00000000e0000000, 0x0000000100000000)
  region size 1024K, 10 young (10240K), 10 survivors (10240K)
 Metaspace       used 61943K, committed 63936K, reserved 380928K
  class space    used 8757K, committed 9728K, reserved 315392K
}
Event: 185.790 GC heap before
{Heap before GC invocations=14 (full 0):
 garbage-first heap   total 262144K, used 51060K [0x00000000e0000000, 0x0000000100000000)
  region size 1024K, 12 young (12288K), 10 survivors (10240K)
 Metaspace       used 61975K, committed 63936K, reserved 380928K
  class space    used 8761K, committed 9728K, reserved 315392K
}
Event: 185.815 GC heap after
{Heap after GC invocations=15 (full 0):
 garbage-first heap   total 262144K, used 50243K [0x00000000e0000000, 0x0000000100000000)
  region size 1024K, 2 young (2048K), 2 survivors (2048K)
 Metaspace       used 61975K, committed 63936K, reserved 380928K
  class space    used 8761K, committed 9728K, reserved 315392K
}

