# JRE version: OpenJDK Runtime Environment Corretto-20.0.2.10.1 (20.0.2.1+10) (build 20.0.2.1+10-FR)
# Java VM: OpenJDK 64-Bit Server VM Corretto-20.0.2.10.1 (20.0.2.1+10-FR, mixed mode, sharing, tiered, compressed oops, compressed class ptrs, g1 gc, windows-amd64)
GC Precious Log:
 CardTable entry size: 512
 Card Set container configuration: InlinePtr #cards 5 size 8 Array Of Cards #cards 12 size 40 Howl #buckets 4 coarsen threshold 1843 Howl Bitmap #cards 512 size 80 coarsen threshold 460 Card regions per heap region 1 cards per card region 2048
 CPUs: 8 total, 8 available
 Memory: 7941M
 Large Page Support: Disabled
 NUMA Support: Disabled
 Compressed Oops: Enabled (32-bit)
 Heap Region Size: 1M
 Heap Min Capacity: 256M
 Heap Initial Capacity: 256M
 Heap Max Capacity: 512M
 Pre-touch: Disabled
 Parallel Workers: 8
 Concurrent Workers: 2
 Concurrent Refinement Workers: 8
 Periodic GC: Disabled
Heap:
 garbage-first heap   total 262144K, used 59483K [0x00000000e0000000, 0x0000000100000000)
  region size 1024K, 18 young (18432K), 2 survivors (2048K)
 Metaspace       used 61195K, committed 63168K, reserved 380928K
  class space    used 8700K, committed 9664K, reserved 315392K
GC Heap History (20 events):
Event: 3.631 GC heap before
{Heap before GC invocations=0 (full 0):
 garbage-first heap   total 262144K, used 26624K [0x00000000e0000000, 0x0000000100000000)
  region size 1024K, 23 young (23552K), 0 survivors (0K)
 Metaspace       used 3143K, committed 3264K, reserved 380928K
  class space    used 397K, committed 448K, reserved 315392K
}
Event: 3.700 GC heap after
{Heap after GC invocations=1 (full 0):
 garbage-first heap   total 262144K, used 10799K [0x00000000e0000000, 0x0000000100000000)
  region size 1024K, 3 young (3072K), 3 survivors (3072K)
 Metaspace       used 3143K, committed 3264K, reserved 380928K
  class space    used 397K, committed 448K, reserved 315392K
}
Event: 6.090 GC heap before
{Heap before GC invocations=1 (full 0):
 garbage-first heap   total 262144K, used 40495K [0x00000000e0000000, 0x0000000100000000)
  region size 1024K, 32 young (32768K), 3 survivors (3072K)
 Metaspace       used 4110K, committed 4288K, reserved 380928K
  class space    used 493K, committed 576K, reserved 315392K
}
Event: 6.099 GC heap after
{Heap after GC invocations=2 (full 0):
 garbage-first heap   total 262144K, used 13373K [0x00000000e0000000, 0x0000000100000000)
  region size 1024K, 3 young (3072K), 3 survivors (3072K)
 Metaspace       used 4110K, committed 4288K, reserved 380928K
  class space    used 493K, committed 576K, reserved 315392K
}
Event: 20.777 GC heap before
{Heap before GC invocations=2 (full 0):
 garbage-first heap   total 262144K, used 112701K [0x00000000e0000000, 0x0000000100000000)
  region size 1024K, 101 young (103424K), 3 survivors (3072K)
 Metaspace       used 20803K, committed 21504K, reserved 380928K
  class space    used 3024K, committed 3392K, reserved 315392K
}
Event: 20.805 GC heap after
{Heap after GC invocations=3 (full 0):
 garbage-first heap   total 262144K, used 22749K [0x00000000e0000000, 0x0000000100000000)
  region size 1024K, 12 young (12288K), 12 survivors (12288K)
 Metaspace       used 20803K, committed 21504K, reserved 380928K
  class space    used 3024K, committed 3392K, reserved 315392K
}
Event: 49.859 GC heap before
{Heap before GC invocations=4 (full 0):
 garbage-first heap   total 262144K, used 128221K [0x00000000e0000000, 0x0000000100000000)
  region size 1024K, 117 young (119808K), 12 survivors (12288K)
 Metaspace       used 34782K, committed 35968K, reserved 380928K
  class space    used 4936K, committed 5568K, reserved 315392K
}
Event: 50.122 GC heap after
{Heap after GC invocations=5 (full 0):
 garbage-first heap   total 262144K, used 31186K [0x00000000e0000000, 0x0000000100000000)
  region size 1024K, 9 young (9216K), 9 survivors (9216K)
 Metaspace       used 34782K, committed 35968K, reserved 380928K
  class space    used 4936K, committed 5568K, reserved 315392K
}
Event: 51.249 GC heap before
{Heap before GC invocations=5 (full 0):
 garbage-first heap   total 262144K, used 38354K [0x00000000e0000000, 0x0000000100000000)
  region size 1024K, 13 young (13312K), 9 survivors (9216K)
 Metaspace       used 35072K, committed 36288K, reserved 380928K
  class space    used 4943K, committed 5568K, reserved 315392K
}
Event: 51.286 GC heap after
{Heap after GC invocations=6 (full 0):
 garbage-first heap   total 262144K, used 33258K [0x00000000e0000000, 0x0000000100000000)
  region size 1024K, 2 young (2048K), 2 survivors (2048K)
 Metaspace       used 35072K, committed 36288K, reserved 380928K
  class space    used 4943K, committed 5568K, reserved 315392K
}
Event: 51.312 GC heap before
{Heap before GC invocations=6 (full 0):
 garbage-first heap   total 262144K, used 33258K [0x00000000e0000000, 0x0000000100000000)
  region size 1024K, 3 young (3072K), 2 survivors (2048K)
 Metaspace       used 35391K, committed 36608K, reserved 380928K
  class space    used 4943K, committed 5568K, reserved 315392K
}
Event: 51.316 GC heap after
{Heap after GC invocations=7 (full 0):
 garbage-first heap   total 262144K, used 32510K [0x00000000e0000000, 0x0000000100000000)
  region size 1024K, 1 young (1024K), 1 survivors (1024K)
 Metaspace       used 35391K, committed 36608K, reserved 380928K
  class space    used 4943K, committed 5568K, reserved 315392K
}
Event: 149.139 GC heap before
{Heap before GC invocations=8 (full 0):
 garbage-first heap   total 262144K, used 189182K [0x00000000e0000000, 0x0000000100000000)
  region size 1024K, 153 young (156672K), 1 survivors (1024K)
 Metaspace       used 50900K, committed 52800K, reserved 380928K
  class space    used 7307K, committed 8256K, reserved 315392K
}
Event: 149.461 GC heap after
{Heap after GC invocations=9 (full 0):
 garbage-first heap   total 262144K, used 38273K [0x00000000e0000000, 0x0000000100000000)
  region size 1024K, 9 young (9216K), 9 survivors (9216K)
 Metaspace       used 50900K, committed 52800K, reserved 380928K
  class space    used 7307K, committed 8256K, reserved 315392K
}
Event: 151.455 GC heap before
{Heap before GC invocations=9 (full 0):
 garbage-first heap   total 262144K, used 44417K [0x00000000e0000000, 0x0000000100000000)
  region size 1024K, 15 young (15360K), 9 survivors (9216K)
 Metaspace       used 51639K, committed 53504K, reserved 380928K
  class space    used 7386K, committed 8320K, reserved 315392K
}
Event: 151.600 GC heap after
{Heap after GC invocations=10 (full 0):
 garbage-first heap   total 262144K, used 38690K [0x00000000e0000000, 0x0000000100000000)
  region size 1024K, 1 young (1024K), 1 survivors (1024K)
 Metaspace       used 51639K, committed 53504K, reserved 380928K
  class space    used 7386K, committed 8320K, reserved 315392K
}
Event: 180.787 GC heap before
{Heap before GC invocations=10 (full 0):
 garbage-first heap   total 262144K, used 121634K [0x00000000e0000000, 0x0000000100000000)
  region size 1024K, 84 young (86016K), 1 survivors (1024K)
 Metaspace       used 59473K, committed 61376K, reserved 380928K
  class space    used 8530K, committed 9472K, reserved 315392K
}
Event: 181.003 GC heap after
{Heap after GC invocations=11 (full 0):
 garbage-first heap   total 262144K, used 44183K [0x00000000e0000000, 0x0000000100000000)
  region size 1024K, 7 young (7168K), 7 survivors (7168K)
 Metaspace       used 59473K, committed 61376K, reserved 380928K
  class space    used 8530K, committed 9472K, reserved 315392K
}
Event: 183.109 GC heap before
{Heap before GC invocations=12 (full 0):
 garbage-first heap   total 262144K, used 52375K [0x00000000e0000000, 0x0000000100000000)
  region size 1024K, 16 young (16384K), 7 survivors (7168K)
 Metaspace       used 60466K, committed 62400K, reserved 380928K
  class space    used 8629K, committed 9600K, reserved 315392K
}
Event: 183.136 GC heap after
{Heap after GC invocations=13 (full 0):
 garbage-first heap   total 262144K, used 45147K [0x00000000e0000000, 0x0000000100000000)
  region size 1024K, 2 young (2048K), 2 survivors (2048K)
 Metaspace       used 60466K, committed 62400K, reserved 380928K
  class space    used 8629K, committed 9600K, reserved 315392K
}

